[0m14:43:25.436015 [debug] [MainThread]: Sending event: {'category': 'dbt', 'action': 'invocation', 'label': 'start', 'context': [<snowplow_tracker.self_describing_json.SelfDescribingJson object at 0x000001F3B14C5910>, <snowplow_tracker.self_describing_json.SelfDescribingJson object at 0x000001F3B14C6510>, <snowplow_tracker.self_describing_json.SelfDescribingJson object at 0x000001F3B14C6310>]}


============================== 14:43:25.441764 | 2982cfde-aaac-4968-b4e2-284f73a72dc4 ==============================
[0m14:43:25.441764 [info ] [MainThread]: Running with dbt=1.8.3
[0m14:43:25.442767 [debug] [MainThread]: running dbt with arguments {'printer_width': '80', 'indirect_selection': 'eager', 'write_json': 'True', 'log_cache_events': 'False', 'partial_parse': 'True', 'cache_selected_only': 'False', 'profiles_dir': 'C:\\Users\\SerhiiKseniia\\.dbt', 'debug': 'False', 'version_check': 'True', 'log_path': 'logs', 'warn_error': 'None', 'fail_fast': 'False', 'use_colors': 'True', 'use_experimental_parser': 'False', 'no_print': 'None', 'quiet': 'False', 'empty': 'None', 'warn_error_options': 'WarnErrorOptions(include=[], exclude=[])', 'invocation_command': 'dbt init dbt_superstore', 'static_parser': 'True', 'log_format': 'default', 'target_path': 'None', 'introspect': 'True', 'send_anonymous_usage_stats': 'True'}
[0m14:43:25.486714 [debug] [MainThread]: Starter project path: C:\Users\SerhiiKseniia\modern_tools\dbt-env\Lib\site-packages\dbt\include\starter_project
[0m14:43:25.501675 [info ] [MainThread]: 
Your new dbt project "dbt_superstore" was created!

For more information on how to configure the profiles.yml file,
please consult the dbt documentation here:

  https://docs.getdbt.com/docs/configure-your-profile

One more thing:

Need help? Don't hesitate to reach out to us via GitHub issues or on Slack:

  https://community.getdbt.com/

Happy modeling!

[0m14:43:25.501675 [info ] [MainThread]: Setting up your profile.
[0m14:47:17.247629 [info ] [MainThread]: Profile dbt_superstore written to C:\Users\SerhiiKseniia\.dbt\profiles.yml using target's profile_template.yml and your supplied values. Run 'dbt debug' to validate the connection.
[0m14:47:17.248583 [debug] [MainThread]: Command `dbt init` succeeded at 14:47:17.248583 after 231.88 seconds
[0m14:47:17.249611 [debug] [MainThread]: Sending event: {'category': 'dbt', 'action': 'invocation', 'label': 'end', 'context': [<snowplow_tracker.self_describing_json.SelfDescribingJson object at 0x000001F3AAE96A90>, <snowplow_tracker.self_describing_json.SelfDescribingJson object at 0x000001F3AAC19550>, <snowplow_tracker.self_describing_json.SelfDescribingJson object at 0x000001F3AAC189D0>]}
[0m14:47:17.249611 [debug] [MainThread]: Flushing usage events
[0m15:03:04.774101 [debug] [MainThread]: Sending event: {'category': 'dbt', 'action': 'invocation', 'label': 'start', 'context': [<snowplow_tracker.self_describing_json.SelfDescribingJson object at 0x00000156FFE36FD0>, <snowplow_tracker.self_describing_json.SelfDescribingJson object at 0x00000156FFE36210>, <snowplow_tracker.self_describing_json.SelfDescribingJson object at 0x00000156FFE369D0>]}


============================== 15:03:04.778607 | 8c0fa47a-1a0d-416d-af6e-7d1d8e9641d0 ==============================
[0m15:03:04.778607 [info ] [MainThread]: Running with dbt=1.8.3
[0m15:03:04.780239 [debug] [MainThread]: running dbt with arguments {'printer_width': '80', 'indirect_selection': 'eager', 'write_json': 'True', 'log_cache_events': 'False', 'partial_parse': 'True', 'cache_selected_only': 'False', 'warn_error': 'None', 'debug': 'False', 'fail_fast': 'False', 'log_path': 'logs', 'profiles_dir': 'C:\\Users\\SerhiiKseniia\\.dbt', 'version_check': 'True', 'use_colors': 'True', 'use_experimental_parser': 'False', 'no_print': 'None', 'quiet': 'False', 'empty': 'None', 'warn_error_options': 'WarnErrorOptions(include=[], exclude=[])', 'introspect': 'True', 'static_parser': 'True', 'log_format': 'default', 'target_path': 'None', 'invocation_command': 'dbt init dbt_superstore', 'send_anonymous_usage_stats': 'True'}
[0m15:03:04.799712 [info ] [MainThread]: A project called dbt_superstore already exists here.
[0m15:03:04.800709 [debug] [MainThread]: Command `dbt init` succeeded at 15:03:04.800709 after 0.10 seconds
[0m15:03:04.801706 [debug] [MainThread]: Sending event: {'category': 'dbt', 'action': 'invocation', 'label': 'end', 'context': [<snowplow_tracker.self_describing_json.SelfDescribingJson object at 0x00000156FFE37FD0>, <snowplow_tracker.self_describing_json.SelfDescribingJson object at 0x00000156FEB8C450>, <snowplow_tracker.self_describing_json.SelfDescribingJson object at 0x00000156F9776A90>]}
[0m15:03:04.801706 [debug] [MainThread]: Flushing usage events
[0m15:03:23.239376 [debug] [MainThread]: Sending event: {'category': 'dbt', 'action': 'invocation', 'label': 'start', 'context': [<snowplow_tracker.self_describing_json.SelfDescribingJson object at 0x0000012775636710>, <snowplow_tracker.self_describing_json.SelfDescribingJson object at 0x0000012774351110>, <snowplow_tracker.self_describing_json.SelfDescribingJson object at 0x0000012775637AD0>]}


============================== 15:03:23.243364 | e9d4fe37-4841-4db3-bd04-4d2cab86e006 ==============================
[0m15:03:23.243364 [info ] [MainThread]: Running with dbt=1.8.3
[0m15:03:23.244362 [debug] [MainThread]: running dbt with arguments {'printer_width': '80', 'indirect_selection': 'eager', 'log_cache_events': 'False', 'write_json': 'True', 'partial_parse': 'True', 'cache_selected_only': 'False', 'profiles_dir': 'C:\\Users\\SerhiiKseniia\\.dbt', 'version_check': 'True', 'fail_fast': 'False', 'log_path': 'logs', 'debug': 'False', 'warn_error': 'None', 'use_colors': 'True', 'use_experimental_parser': 'False', 'empty': 'None', 'quiet': 'False', 'no_print': 'None', 'log_format': 'default', 'introspect': 'True', 'invocation_command': 'dbt init dbt_supersto', 'static_parser': 'True', 'target_path': 'None', 'warn_error_options': 'WarnErrorOptions(include=[], exclude=[])', 'send_anonymous_usage_stats': 'True'}
[0m15:03:23.263539 [debug] [MainThread]: Starter project path: C:\Users\SerhiiKseniia\modern_tools\dbt-env\Lib\site-packages\dbt\include\starter_project
[0m15:03:23.281465 [info ] [MainThread]: 
Your new dbt project "dbt_supersto" was created!

For more information on how to configure the profiles.yml file,
please consult the dbt documentation here:

  https://docs.getdbt.com/docs/configure-your-profile

One more thing:

Need help? Don't hesitate to reach out to us via GitHub issues or on Slack:

  https://community.getdbt.com/

Happy modeling!

[0m15:03:23.282461 [info ] [MainThread]: Setting up your profile.
[0m15:05:18.344968 [info ] [MainThread]: Profile dbt_supersto written to C:\Users\SerhiiKseniia\.dbt\profiles.yml using target's profile_template.yml and your supplied values. Run 'dbt debug' to validate the connection.
[0m15:05:18.345966 [debug] [MainThread]: Command `dbt init` succeeded at 15:05:18.345966 after 115.17 seconds
[0m15:05:18.346964 [debug] [MainThread]: Sending event: {'category': 'dbt', 'action': 'invocation', 'label': 'end', 'context': [<snowplow_tracker.self_describing_json.SelfDescribingJson object at 0x00000127756433D0>, <snowplow_tracker.self_describing_json.SelfDescribingJson object at 0x000001277562C310>, <snowplow_tracker.self_describing_json.SelfDescribingJson object at 0x000001276EF36A90>]}
[0m15:05:18.347964 [debug] [MainThread]: Flushing usage events
[0m15:11:45.308328 [debug] [MainThread]: Sending event: {'category': 'dbt', 'action': 'invocation', 'label': 'start', 'context': [<snowplow_tracker.self_describing_json.SelfDescribingJson object at 0x0000025C5845C9D0>, <snowplow_tracker.self_describing_json.SelfDescribingJson object at 0x0000025C58496C50>, <snowplow_tracker.self_describing_json.SelfDescribingJson object at 0x0000025C57FB3CD0>]}


============================== 15:11:45.313348 | b36ffbc5-141b-43d5-8bf1-8f3cfa6688e5 ==============================
[0m15:11:45.313348 [info ] [MainThread]: Running with dbt=1.8.3
[0m15:11:45.314314 [debug] [MainThread]: running dbt with arguments {'printer_width': '80', 'indirect_selection': 'eager', 'log_cache_events': 'False', 'write_json': 'True', 'partial_parse': 'True', 'cache_selected_only': 'False', 'warn_error': 'None', 'version_check': 'True', 'profiles_dir': 'C:\\Users\\SerhiiKseniia\\.dbt', 'log_path': 'logs', 'fail_fast': 'False', 'debug': 'False', 'use_colors': 'True', 'use_experimental_parser': 'False', 'no_print': 'None', 'quiet': 'False', 'empty': 'None', 'log_format': 'default', 'static_parser': 'True', 'warn_error_options': 'WarnErrorOptions(include=[], exclude=[])', 'invocation_command': 'dbt init dbt_superstore', 'target_path': 'None', 'introspect': 'True', 'send_anonymous_usage_stats': 'True'}
[0m15:11:45.359566 [debug] [MainThread]: Starter project path: C:\Users\SerhiiKseniia\modern_tools\dbt-env\Lib\site-packages\dbt\include\starter_project
[0m15:11:45.376389 [info ] [MainThread]: 
Your new dbt project "dbt_superstore" was created!

For more information on how to configure the profiles.yml file,
please consult the dbt documentation here:

  https://docs.getdbt.com/docs/configure-your-profile

One more thing:

Need help? Don't hesitate to reach out to us via GitHub issues or on Slack:

  https://community.getdbt.com/

Happy modeling!

[0m15:11:45.376945 [info ] [MainThread]: Setting up your profile.
[0m15:13:42.388273 [info ] [MainThread]: Profile dbt_superstore written to C:\Users\SerhiiKseniia\.dbt\profiles.yml using target's profile_template.yml and your supplied values. Run 'dbt debug' to validate the connection.
[0m15:13:42.389895 [debug] [MainThread]: Command `dbt init` succeeded at 15:13:42.388864 after 117.15 seconds
[0m15:13:42.389895 [debug] [MainThread]: Sending event: {'category': 'dbt', 'action': 'invocation', 'label': 'end', 'context': [<snowplow_tracker.self_describing_json.SelfDescribingJson object at 0x0000025C51D96A90>, <snowplow_tracker.self_describing_json.SelfDescribingJson object at 0x0000025C51B19510>, <snowplow_tracker.self_describing_json.SelfDescribingJson object at 0x0000025C51B18990>]}
[0m15:13:42.390893 [debug] [MainThread]: Flushing usage events
[0m10:37:22.315334 [debug] [MainThread]: Sending event: {'category': 'dbt', 'action': 'invocation', 'label': 'start', 'context': [<snowplow_tracker.self_describing_json.SelfDescribingJson object at 0x000002609D171650>, <snowplow_tracker.self_describing_json.SelfDescribingJson object at 0x000002609CF2FC50>, <snowplow_tracker.self_describing_json.SelfDescribingJson object at 0x000002609D170950>]}


============================== 10:37:22.320367 | 6e585777-5195-4b9c-9194-5446f74eeeaa ==============================
[0m10:37:22.320367 [info ] [MainThread]: Running with dbt=1.8.3
[0m10:37:22.321320 [debug] [MainThread]: running dbt with arguments {'printer_width': '80', 'indirect_selection': 'eager', 'write_json': 'True', 'log_cache_events': 'False', 'partial_parse': 'True', 'cache_selected_only': 'False', 'warn_error': 'None', 'fail_fast': 'False', 'debug': 'False', 'log_path': 'logs', 'version_check': 'True', 'profiles_dir': 'C:\\Users\\SerhiiKseniia\\.dbt', 'use_colors': 'True', 'use_experimental_parser': 'False', 'no_print': 'None', 'quiet': 'False', 'empty': 'None', 'warn_error_options': 'WarnErrorOptions(include=[], exclude=[])', 'static_parser': 'True', 'log_format': 'default', 'invocation_command': 'dbt debug', 'target_path': 'None', 'introspect': 'True', 'send_anonymous_usage_stats': 'True'}
[0m10:37:22.349314 [info ] [MainThread]: dbt version: 1.8.3
[0m10:37:22.350311 [info ] [MainThread]: python version: 3.11.3
[0m10:37:22.351277 [info ] [MainThread]: python path: C:\Users\SerhiiKseniia\modern_tools\dbt-env\Scripts\python.exe
[0m10:37:22.351277 [info ] [MainThread]: os info: Windows-10-10.0.19043-SP0
[0m10:37:22.420115 [info ] [MainThread]: Error importing adapter: No module named 'dbt.adapters.snowflake'
[0m10:37:22.422112 [info ] [MainThread]: Using profiles dir at C:\Users\SerhiiKseniia\.dbt
[0m10:37:22.423108 [info ] [MainThread]: Using profiles.yml file at C:\Users\SerhiiKseniia\.dbt\profiles.yml
[0m10:37:22.423108 [info ] [MainThread]: Using dbt_project.yml file at C:\Users\SerhiiKseniia\modern_tools\dbt_project.yml
[0m10:37:22.424074 [info ] [MainThread]: Configuration:
[0m10:37:22.425102 [info ] [MainThread]:   profiles.yml file [[31mERROR invalid[0m]
[0m10:37:22.426127 [info ] [MainThread]:   dbt_project.yml file [[31mERROR not found[0m]
[0m10:37:22.427065 [info ] [MainThread]: Required dependencies:
[0m10:37:22.428062 [debug] [MainThread]: Executing "git --help"
[0m10:37:22.502342 [debug] [MainThread]: STDOUT: "b"usage: git [-v | --version] [-h | --help] [-C <path>] [-c <name>=<value>]\n           [--exec-path[=<path>]] [--html-path] [--man-path] [--info-path]\n           [-p | --paginate | -P | --no-pager] [--no-replace-objects] [--bare]\n           [--git-dir=<path>] [--work-tree=<path>] [--namespace=<name>]\n           [--config-env=<name>=<envvar>] <command> [<args>]\n\nThese are common Git commands used in various situations:\n\nstart a working area (see also: git help tutorial)\n   clone     Clone a repository into a new directory\n   init      Create an empty Git repository or reinitialize an existing one\n\nwork on the current change (see also: git help everyday)\n   add       Add file contents to the index\n   mv        Move or rename a file, a directory, or a symlink\n   restore   Restore working tree files\n   rm        Remove files from the working tree and from the index\n\nexamine the history and state (see also: git help revisions)\n   bisect    Use binary search to find the commit that introduced a bug\n   diff      Show changes between commits, commit and working tree, etc\n   grep      Print lines matching a pattern\n   log       Show commit logs\n   show      Show various types of objects\n   status    Show the working tree status\n\ngrow, mark and tweak your common history\n   branch    List, create, or delete branches\n   commit    Record changes to the repository\n   merge     Join two or more development histories together\n   rebase    Reapply commits on top of another base tip\n   reset     Reset current HEAD to the specified state\n   switch    Switch branches\n   tag       Create, list, delete or verify a tag object signed with GPG\n\ncollaborate (see also: git help workflows)\n   fetch     Download objects and refs from another repository\n   pull      Fetch from and integrate with another repository or a local branch\n   push      Update remote refs along with associated objects\n\n'git help -a' and 'git help -g' list available subcommands and some\nconcept guides. See 'git help <command>' or 'git help <concept>'\nto read about a specific subcommand or concept.\nSee 'git help git' for an overview of the system.\n""
[0m10:37:22.503369 [debug] [MainThread]: STDERR: "b''"
[0m10:37:22.503369 [info ] [MainThread]:  - git [[32mOK found[0m]

[0m10:37:22.504335 [info ] [MainThread]: Connection test skipped since no profile was found
[0m10:37:22.505333 [info ] [MainThread]: [31m2 checks failed:[0m
[0m10:37:22.506330 [info ] [MainThread]: Could not load dbt_project.yml
Profile loading failed for the following reason:
Runtime Error
  Credentials in profile "dbtlearn", target "dev" invalid: Runtime Error
    Could not find adapter type snowflake!


[0m10:37:22.508357 [info ] [MainThread]: Project loading failed for the following reason:
 project path <C:\Users\SerhiiKseniia\modern_tools\dbt_project.yml> not found

[0m10:37:22.509353 [debug] [MainThread]: Command `dbt debug` failed at 10:37:22.509353 after 0.26 seconds
[0m10:37:22.510355 [debug] [MainThread]: Sending event: {'category': 'dbt', 'action': 'invocation', 'label': 'end', 'context': [<snowplow_tracker.self_describing_json.SelfDescribingJson object at 0x00000260968C9590>, <snowplow_tracker.self_describing_json.SelfDescribingJson object at 0x00000260968C9510>, <snowplow_tracker.self_describing_json.SelfDescribingJson object at 0x000002609D1A5810>]}
[0m10:37:22.511348 [debug] [MainThread]: Flushing usage events
